{"level":"INFO","message":"[5:18:49.076 PM]: Creating new connection object"}
{"level":"INFO","message":"[5:18:49.084 PM]: Creating Connection[id: 5400b86d-bbbe-49f4-9f67-855a58a172ed] with host: CUGFKKD-TT48942.snowflakecomputing.com, account: CUGFKKD-TT48942, accessUrl: https://CUGFKKD-TT48942.snowflakecomputing.com, user: ZAINEEL, role: undefined, database: undefined, schema: undefined, warehouse: COMPUTE_WH, proxy was not configured, password is not provided, region: undefined, authenticator: SNOWFLAKE_JWT, ocsp mode: FAIL_OPEN, os: darwin, os version: 25.0.0"}
{"level":"INFO","message":"[5:18:49.085 PM]: Connection[id: 5400b86d-bbbe-49f4-9f67-855a58a172ed] additional details: passcode in password is provided, passcode is not provided, private key is provided, application: undefined, client name: snowflake-sdk, client version: 2.3.1, retry timeout: 300, private key path: undefined, private key pass is not provided, client store temporary credential: false, browser response timeout: 120000"}
{"level":"INFO","message":"[5:18:49.085 PM]: Connection[id: 5400b86d-bbbe-49f4-9f67-855a58a172ed] - connection object created successfully."}
{"level":"INFO","message":"[5:18:49.085 PM]: Connection[id: 5400b86d-bbbe-49f4-9f67-855a58a172ed] - connecting. Associated Snowflake domain: GLOBAL"}
{"level":"INFO","message":"[5:18:49.090 PM]: Connection[id: 5400b86d-bbbe-49f4-9f67-855a58a172ed] - authentication successful using: SNOWFLAKE_JWT"}
{"level":"INFO","message":"[5:18:49.090 PM]: Trying to initialize Easy Logging"}
{"level":"INFO","message":"[5:18:49.092 PM]: No client config detected."}
{"level":"INFO","message":"[5:18:49.092 PM]: No config file path found. Client config will not be used."}
{"level":"INFO","message":"[5:18:49.093 PM]: Easy Logging is disabled as no config has been found"}
{"level":"INFO","message":"[5:18:49.095 PM]: Connection[id: 5400b86d-bbbe-49f4-9f67-855a58a172ed] - connected successfully after 9.33 milliseconds"}
{"level":"INFO","message":"[5:20:14.629 PM]: Creating new connection object"}
{"level":"INFO","message":"[5:20:14.638 PM]: Creating Connection[id: a572ff28-9014-4977-b0a3-cb7330ae353c] with host: CUGFKKD-TT48942.snowflakecomputing.com, account: CUGFKKD-TT48942, accessUrl: https://CUGFKKD-TT48942.snowflakecomputing.com, user: ZAINEEL, role: undefined, database: undefined, schema: undefined, warehouse: COMPUTE_WH, proxy was not configured, password is not provided, region: undefined, authenticator: SNOWFLAKE_JWT, ocsp mode: FAIL_OPEN, os: darwin, os version: 25.0.0"}
{"level":"INFO","message":"[5:20:14.638 PM]: Connection[id: a572ff28-9014-4977-b0a3-cb7330ae353c] additional details: passcode in password is provided, passcode is not provided, private key is provided, application: undefined, client name: snowflake-sdk, client version: 2.3.1, retry timeout: 300, private key path: undefined, private key pass is not provided, client store temporary credential: false, browser response timeout: 120000"}
{"level":"INFO","message":"[5:20:14.638 PM]: Connection[id: a572ff28-9014-4977-b0a3-cb7330ae353c] - connection object created successfully."}
{"level":"INFO","message":"[5:20:14.639 PM]: Connection[id: a572ff28-9014-4977-b0a3-cb7330ae353c] - connecting. Associated Snowflake domain: GLOBAL"}
{"level":"INFO","message":"[5:20:14.643 PM]: Connection[id: a572ff28-9014-4977-b0a3-cb7330ae353c] - authentication successful using: SNOWFLAKE_JWT"}
{"level":"INFO","message":"[5:20:14.643 PM]: Trying to initialize Easy Logging"}
{"level":"INFO","message":"[5:20:14.647 PM]: No client config detected."}
{"level":"INFO","message":"[5:20:14.647 PM]: No config file path found. Client config will not be used."}
{"level":"INFO","message":"[5:20:14.647 PM]: Easy Logging is disabled as no config has been found"}
{"level":"INFO","message":"[5:20:14.650 PM]: Connection[id: a572ff28-9014-4977-b0a3-cb7330ae353c] - connected successfully after 10.87 milliseconds"}
{"level":"INFO","message":"[5:20:15.102 PM]: Creating new connection object"}
{"level":"INFO","message":"[5:20:15.103 PM]: Creating Connection[id: ec4d17c2-e1d2-4918-a828-d9787cba7da1] with host: CUGFKKD-TT48942.snowflakecomputing.com, account: CUGFKKD-TT48942, accessUrl: https://CUGFKKD-TT48942.snowflakecomputing.com, user: ZAINEEL, role: undefined, database: undefined, schema: undefined, warehouse: COMPUTE_WH, proxy was not configured, password is not provided, region: undefined, authenticator: SNOWFLAKE_JWT, ocsp mode: FAIL_OPEN, os: darwin, os version: 25.0.0"}
{"level":"INFO","message":"[5:20:15.103 PM]: Connection[id: ec4d17c2-e1d2-4918-a828-d9787cba7da1] additional details: passcode in password is provided, passcode is not provided, private key is provided, application: undefined, client name: snowflake-sdk, client version: 2.3.1, retry timeout: 300, private key path: undefined, private key pass is not provided, client store temporary credential: false, browser response timeout: 120000"}
{"level":"INFO","message":"[5:20:15.103 PM]: Connection[id: ec4d17c2-e1d2-4918-a828-d9787cba7da1] - connection object created successfully."}
{"level":"INFO","message":"[5:20:15.103 PM]: Connection[id: ec4d17c2-e1d2-4918-a828-d9787cba7da1] - connecting. Associated Snowflake domain: GLOBAL"}
{"level":"INFO","message":"[5:20:15.106 PM]: Connection[id: ec4d17c2-e1d2-4918-a828-d9787cba7da1] - authentication successful using: SNOWFLAKE_JWT"}
{"level":"INFO","message":"[5:20:15.107 PM]: Connection[id: ec4d17c2-e1d2-4918-a828-d9787cba7da1] - connected successfully after 3.42 milliseconds"}
{"level":"INFO","message":"[5:20:15.598 PM]: Creating new connection object"}
{"level":"INFO","message":"[5:20:15.598 PM]: Creating Connection[id: 8706ab67-15d9-4fa4-8f42-333be208bc75] with host: CUGFKKD-TT48942.snowflakecomputing.com, account: CUGFKKD-TT48942, accessUrl: https://CUGFKKD-TT48942.snowflakecomputing.com, user: ZAINEEL, role: undefined, database: undefined, schema: undefined, warehouse: COMPUTE_WH, proxy was not configured, password is not provided, region: undefined, authenticator: SNOWFLAKE_JWT, ocsp mode: FAIL_OPEN, os: darwin, os version: 25.0.0"}
{"level":"INFO","message":"[5:20:15.599 PM]: Connection[id: 8706ab67-15d9-4fa4-8f42-333be208bc75] additional details: passcode in password is provided, passcode is not provided, private key is provided, application: undefined, client name: snowflake-sdk, client version: 2.3.1, retry timeout: 300, private key path: undefined, private key pass is not provided, client store temporary credential: false, browser response timeout: 120000"}
{"level":"INFO","message":"[5:20:15.599 PM]: Connection[id: 8706ab67-15d9-4fa4-8f42-333be208bc75] - connection object created successfully."}
{"level":"INFO","message":"[5:20:15.599 PM]: Connection[id: 8706ab67-15d9-4fa4-8f42-333be208bc75] - connecting. Associated Snowflake domain: GLOBAL"}
{"level":"INFO","message":"[5:20:15.602 PM]: Connection[id: 8706ab67-15d9-4fa4-8f42-333be208bc75] - authentication successful using: SNOWFLAKE_JWT"}
{"level":"INFO","message":"[5:20:15.602 PM]: Connection[id: 8706ab67-15d9-4fa4-8f42-333be208bc75] - connected successfully after 3.35 milliseconds"}
{"level":"INFO","message":"[5:20:15.958 PM]: Creating new connection object"}
{"level":"INFO","message":"[5:20:15.958 PM]: Creating Connection[id: 625e24cd-0fd6-47f9-87de-bf06da88db90] with host: CUGFKKD-TT48942.snowflakecomputing.com, account: CUGFKKD-TT48942, accessUrl: https://CUGFKKD-TT48942.snowflakecomputing.com, user: ZAINEEL, role: undefined, database: undefined, schema: undefined, warehouse: COMPUTE_WH, proxy was not configured, password is not provided, region: undefined, authenticator: SNOWFLAKE_JWT, ocsp mode: FAIL_OPEN, os: darwin, os version: 25.0.0"}
{"level":"INFO","message":"[5:20:15.959 PM]: Connection[id: 625e24cd-0fd6-47f9-87de-bf06da88db90] additional details: passcode in password is provided, passcode is not provided, private key is provided, application: undefined, client name: snowflake-sdk, client version: 2.3.1, retry timeout: 300, private key path: undefined, private key pass is not provided, client store temporary credential: false, browser response timeout: 120000"}
{"level":"INFO","message":"[5:20:15.959 PM]: Connection[id: 625e24cd-0fd6-47f9-87de-bf06da88db90] - connection object created successfully."}
{"level":"INFO","message":"[5:20:15.959 PM]: Connection[id: 625e24cd-0fd6-47f9-87de-bf06da88db90] - connecting. Associated Snowflake domain: GLOBAL"}
{"level":"INFO","message":"[5:20:15.963 PM]: Connection[id: 625e24cd-0fd6-47f9-87de-bf06da88db90] - authentication successful using: SNOWFLAKE_JWT"}
{"level":"INFO","message":"[5:20:15.963 PM]: Connection[id: 625e24cd-0fd6-47f9-87de-bf06da88db90] - connected successfully after 4.58 milliseconds"}
{"level":"INFO","message":"[5:21:54.447 PM]: Creating new connection object"}
{"level":"INFO","message":"[5:21:54.456 PM]: Creating Connection[id: 69bb8e8f-be93-48e8-839a-b6d3a0edb88a] with host: CUGFKKD-TT48942.snowflakecomputing.com, account: CUGFKKD-TT48942, accessUrl: https://CUGFKKD-TT48942.snowflakecomputing.com, user: ZAINEEL, role: undefined, database: undefined, schema: undefined, warehouse: COMPUTE_WH, proxy was not configured, password is not provided, region: undefined, authenticator: SNOWFLAKE_JWT, ocsp mode: FAIL_OPEN, os: darwin, os version: 25.0.0"}
{"level":"INFO","message":"[5:21:54.456 PM]: Connection[id: 69bb8e8f-be93-48e8-839a-b6d3a0edb88a] additional details: passcode in password is provided, passcode is not provided, private key is provided, application: undefined, client name: snowflake-sdk, client version: 2.3.1, retry timeout: 300, private key path: undefined, private key pass is not provided, client store temporary credential: false, browser response timeout: 120000"}
{"level":"INFO","message":"[5:21:54.456 PM]: Connection[id: 69bb8e8f-be93-48e8-839a-b6d3a0edb88a] - connection object created successfully."}
{"level":"INFO","message":"[5:21:54.456 PM]: Connection[id: 69bb8e8f-be93-48e8-839a-b6d3a0edb88a] - connecting. Associated Snowflake domain: GLOBAL"}
{"level":"INFO","message":"[5:21:54.461 PM]: Connection[id: 69bb8e8f-be93-48e8-839a-b6d3a0edb88a] - authentication successful using: SNOWFLAKE_JWT"}
{"level":"INFO","message":"[5:21:54.461 PM]: Trying to initialize Easy Logging"}
{"level":"INFO","message":"[5:21:54.463 PM]: No client config detected."}
{"level":"INFO","message":"[5:21:54.463 PM]: No config file path found. Client config will not be used."}
{"level":"INFO","message":"[5:21:54.463 PM]: Easy Logging is disabled as no config has been found"}
{"level":"INFO","message":"[5:21:54.465 PM]: Connection[id: 69bb8e8f-be93-48e8-839a-b6d3a0edb88a] - connected successfully after 9.03 milliseconds"}
{"level":"INFO","message":"[5:21:54.980 PM]: Creating new connection object"}
{"level":"INFO","message":"[5:21:54.981 PM]: Creating Connection[id: c65f2b55-e90e-42dc-a518-74ff6b871fcb] with host: CUGFKKD-TT48942.snowflakecomputing.com, account: CUGFKKD-TT48942, accessUrl: https://CUGFKKD-TT48942.snowflakecomputing.com, user: ZAINEEL, role: undefined, database: undefined, schema: undefined, warehouse: COMPUTE_WH, proxy was not configured, password is not provided, region: undefined, authenticator: SNOWFLAKE_JWT, ocsp mode: FAIL_OPEN, os: darwin, os version: 25.0.0"}
{"level":"INFO","message":"[5:21:54.981 PM]: Connection[id: c65f2b55-e90e-42dc-a518-74ff6b871fcb] additional details: passcode in password is provided, passcode is not provided, private key is provided, application: undefined, client name: snowflake-sdk, client version: 2.3.1, retry timeout: 300, private key path: undefined, private key pass is not provided, client store temporary credential: false, browser response timeout: 120000"}
{"level":"INFO","message":"[5:21:54.981 PM]: Connection[id: c65f2b55-e90e-42dc-a518-74ff6b871fcb] - connection object created successfully."}
{"level":"INFO","message":"[5:21:54.981 PM]: Connection[id: c65f2b55-e90e-42dc-a518-74ff6b871fcb] - connecting. Associated Snowflake domain: GLOBAL"}
{"level":"INFO","message":"[5:21:54.984 PM]: Connection[id: c65f2b55-e90e-42dc-a518-74ff6b871fcb] - authentication successful using: SNOWFLAKE_JWT"}
{"level":"INFO","message":"[5:21:54.984 PM]: Connection[id: c65f2b55-e90e-42dc-a518-74ff6b871fcb] - connected successfully after 2.81 milliseconds"}
{"level":"INFO","message":"[5:21:55.737 PM]: Creating new connection object"}
{"level":"INFO","message":"[5:21:55.738 PM]: Creating Connection[id: 8557811f-38e1-4ff6-be7c-b14e86acaa41] with host: CUGFKKD-TT48942.snowflakecomputing.com, account: CUGFKKD-TT48942, accessUrl: https://CUGFKKD-TT48942.snowflakecomputing.com, user: ZAINEEL, role: undefined, database: undefined, schema: undefined, warehouse: COMPUTE_WH, proxy was not configured, password is not provided, region: undefined, authenticator: SNOWFLAKE_JWT, ocsp mode: FAIL_OPEN, os: darwin, os version: 25.0.0"}
{"level":"INFO","message":"[5:21:55.738 PM]: Connection[id: 8557811f-38e1-4ff6-be7c-b14e86acaa41] additional details: passcode in password is provided, passcode is not provided, private key is provided, application: undefined, client name: snowflake-sdk, client version: 2.3.1, retry timeout: 300, private key path: undefined, private key pass is not provided, client store temporary credential: false, browser response timeout: 120000"}
{"level":"INFO","message":"[5:21:55.738 PM]: Connection[id: 8557811f-38e1-4ff6-be7c-b14e86acaa41] - connection object created successfully."}
{"level":"INFO","message":"[5:21:55.739 PM]: Connection[id: 8557811f-38e1-4ff6-be7c-b14e86acaa41] - connecting. Associated Snowflake domain: GLOBAL"}
{"level":"INFO","message":"[5:21:55.743 PM]: Connection[id: 8557811f-38e1-4ff6-be7c-b14e86acaa41] - authentication successful using: SNOWFLAKE_JWT"}
{"level":"INFO","message":"[5:21:55.744 PM]: Connection[id: 8557811f-38e1-4ff6-be7c-b14e86acaa41] - connected successfully after 5.26 milliseconds"}
{"level":"INFO","message":"[5:21:56.153 PM]: Creating new connection object"}
{"level":"INFO","message":"[5:21:56.153 PM]: Creating Connection[id: cfa273f5-0941-4171-aceb-eff31ef3e629] with host: CUGFKKD-TT48942.snowflakecomputing.com, account: CUGFKKD-TT48942, accessUrl: https://CUGFKKD-TT48942.snowflakecomputing.com, user: ZAINEEL, role: undefined, database: undefined, schema: undefined, warehouse: COMPUTE_WH, proxy was not configured, password is not provided, region: undefined, authenticator: SNOWFLAKE_JWT, ocsp mode: FAIL_OPEN, os: darwin, os version: 25.0.0"}
{"level":"INFO","message":"[5:21:56.153 PM]: Connection[id: cfa273f5-0941-4171-aceb-eff31ef3e629] additional details: passcode in password is provided, passcode is not provided, private key is provided, application: undefined, client name: snowflake-sdk, client version: 2.3.1, retry timeout: 300, private key path: undefined, private key pass is not provided, client store temporary credential: false, browser response timeout: 120000"}
{"level":"INFO","message":"[5:21:56.153 PM]: Connection[id: cfa273f5-0941-4171-aceb-eff31ef3e629] - connection object created successfully."}
{"level":"INFO","message":"[5:21:56.153 PM]: Connection[id: cfa273f5-0941-4171-aceb-eff31ef3e629] - connecting. Associated Snowflake domain: GLOBAL"}
{"level":"INFO","message":"[5:21:56.157 PM]: Connection[id: cfa273f5-0941-4171-aceb-eff31ef3e629] - authentication successful using: SNOWFLAKE_JWT"}
{"level":"INFO","message":"[5:21:56.157 PM]: Connection[id: cfa273f5-0941-4171-aceb-eff31ef3e629] - connected successfully after 3.81 milliseconds"}
{"level":"INFO","message":"[5:22:06.434 PM]: Creating new connection object"}
{"level":"INFO","message":"[5:22:06.443 PM]: Creating Connection[id: 567c9717-8df8-4312-b967-d64f2ad92749] with host: CUGFKKD-TT48942.snowflakecomputing.com, account: CUGFKKD-TT48942, accessUrl: https://CUGFKKD-TT48942.snowflakecomputing.com, user: ZAINEEL, role: undefined, database: undefined, schema: undefined, warehouse: COMPUTE_WH, proxy was not configured, password is not provided, region: undefined, authenticator: SNOWFLAKE_JWT, ocsp mode: FAIL_OPEN, os: darwin, os version: 25.0.0"}
{"level":"INFO","message":"[5:22:06.443 PM]: Connection[id: 567c9717-8df8-4312-b967-d64f2ad92749] additional details: passcode in password is provided, passcode is not provided, private key is provided, application: undefined, client name: snowflake-sdk, client version: 2.3.1, retry timeout: 300, private key path: undefined, private key pass is not provided, client store temporary credential: false, browser response timeout: 120000"}
{"level":"INFO","message":"[5:22:06.444 PM]: Connection[id: 567c9717-8df8-4312-b967-d64f2ad92749] - connection object created successfully."}
{"level":"INFO","message":"[5:22:06.444 PM]: Connection[id: 567c9717-8df8-4312-b967-d64f2ad92749] - connecting. Associated Snowflake domain: GLOBAL"}
{"level":"INFO","message":"[5:22:06.448 PM]: Connection[id: 567c9717-8df8-4312-b967-d64f2ad92749] - authentication successful using: SNOWFLAKE_JWT"}
{"level":"INFO","message":"[5:22:06.449 PM]: Trying to initialize Easy Logging"}
{"level":"INFO","message":"[5:22:06.450 PM]: No client config detected."}
{"level":"INFO","message":"[5:22:06.451 PM]: No config file path found. Client config will not be used."}
{"level":"INFO","message":"[5:22:06.451 PM]: Easy Logging is disabled as no config has been found"}
{"level":"INFO","message":"[5:22:06.453 PM]: Connection[id: 567c9717-8df8-4312-b967-d64f2ad92749] - connected successfully after 9.03 milliseconds"}
{"level":"INFO","message":"[5:22:06.953 PM]: Creating new connection object"}
{"level":"INFO","message":"[5:22:06.953 PM]: Creating Connection[id: e2813b80-3516-4183-942d-9abeb989a471] with host: CUGFKKD-TT48942.snowflakecomputing.com, account: CUGFKKD-TT48942, accessUrl: https://CUGFKKD-TT48942.snowflakecomputing.com, user: ZAINEEL, role: undefined, database: undefined, schema: undefined, warehouse: COMPUTE_WH, proxy was not configured, password is not provided, region: undefined, authenticator: SNOWFLAKE_JWT, ocsp mode: FAIL_OPEN, os: darwin, os version: 25.0.0"}
{"level":"INFO","message":"[5:22:06.954 PM]: Connection[id: e2813b80-3516-4183-942d-9abeb989a471] additional details: passcode in password is provided, passcode is not provided, private key is provided, application: undefined, client name: snowflake-sdk, client version: 2.3.1, retry timeout: 300, private key path: undefined, private key pass is not provided, client store temporary credential: false, browser response timeout: 120000"}
{"level":"INFO","message":"[5:22:06.954 PM]: Connection[id: e2813b80-3516-4183-942d-9abeb989a471] - connection object created successfully."}
{"level":"INFO","message":"[5:22:06.954 PM]: Connection[id: e2813b80-3516-4183-942d-9abeb989a471] - connecting. Associated Snowflake domain: GLOBAL"}
{"level":"INFO","message":"[5:22:06.957 PM]: Connection[id: e2813b80-3516-4183-942d-9abeb989a471] - authentication successful using: SNOWFLAKE_JWT"}
{"level":"INFO","message":"[5:22:06.959 PM]: Connection[id: e2813b80-3516-4183-942d-9abeb989a471] - connected successfully after 4.78 milliseconds"}
{"level":"INFO","message":"[5:22:07.597 PM]: Creating new connection object"}
{"level":"INFO","message":"[5:22:07.598 PM]: Creating Connection[id: 94929cee-528c-4c69-baa2-165e821cea27] with host: CUGFKKD-TT48942.snowflakecomputing.com, account: CUGFKKD-TT48942, accessUrl: https://CUGFKKD-TT48942.snowflakecomputing.com, user: ZAINEEL, role: undefined, database: undefined, schema: undefined, warehouse: COMPUTE_WH, proxy was not configured, password is not provided, region: undefined, authenticator: SNOWFLAKE_JWT, ocsp mode: FAIL_OPEN, os: darwin, os version: 25.0.0"}
{"level":"INFO","message":"[5:22:07.598 PM]: Connection[id: 94929cee-528c-4c69-baa2-165e821cea27] additional details: passcode in password is provided, passcode is not provided, private key is provided, application: undefined, client name: snowflake-sdk, client version: 2.3.1, retry timeout: 300, private key path: undefined, private key pass is not provided, client store temporary credential: false, browser response timeout: 120000"}
{"level":"INFO","message":"[5:22:07.598 PM]: Connection[id: 94929cee-528c-4c69-baa2-165e821cea27] - connection object created successfully."}
{"level":"INFO","message":"[5:22:07.598 PM]: Connection[id: 94929cee-528c-4c69-baa2-165e821cea27] - connecting. Associated Snowflake domain: GLOBAL"}
{"level":"INFO","message":"[5:22:07.603 PM]: Connection[id: 94929cee-528c-4c69-baa2-165e821cea27] - authentication successful using: SNOWFLAKE_JWT"}
{"level":"INFO","message":"[5:22:07.604 PM]: Connection[id: 94929cee-528c-4c69-baa2-165e821cea27] - connected successfully after 5.29 milliseconds"}
{"level":"INFO","message":"[5:22:08.087 PM]: Creating new connection object"}
{"level":"INFO","message":"[5:22:08.087 PM]: Creating Connection[id: cbe9224b-0855-42d2-8bf8-0a1df39f764b] with host: CUGFKKD-TT48942.snowflakecomputing.com, account: CUGFKKD-TT48942, accessUrl: https://CUGFKKD-TT48942.snowflakecomputing.com, user: ZAINEEL, role: undefined, database: undefined, schema: undefined, warehouse: COMPUTE_WH, proxy was not configured, password is not provided, region: undefined, authenticator: SNOWFLAKE_JWT, ocsp mode: FAIL_OPEN, os: darwin, os version: 25.0.0"}
{"level":"INFO","message":"[5:22:08.088 PM]: Connection[id: cbe9224b-0855-42d2-8bf8-0a1df39f764b] additional details: passcode in password is provided, passcode is not provided, private key is provided, application: undefined, client name: snowflake-sdk, client version: 2.3.1, retry timeout: 300, private key path: undefined, private key pass is not provided, client store temporary credential: false, browser response timeout: 120000"}
{"level":"INFO","message":"[5:22:08.088 PM]: Connection[id: cbe9224b-0855-42d2-8bf8-0a1df39f764b] - connection object created successfully."}
{"level":"INFO","message":"[5:22:08.088 PM]: Connection[id: cbe9224b-0855-42d2-8bf8-0a1df39f764b] - connecting. Associated Snowflake domain: GLOBAL"}
{"level":"INFO","message":"[5:22:08.092 PM]: Connection[id: cbe9224b-0855-42d2-8bf8-0a1df39f764b] - authentication successful using: SNOWFLAKE_JWT"}
{"level":"INFO","message":"[5:22:08.093 PM]: Connection[id: cbe9224b-0855-42d2-8bf8-0a1df39f764b] - connected successfully after 5.09 milliseconds"}
{"level":"INFO","message":"[5:22:26.300 PM]: Creating new connection object"}
{"level":"INFO","message":"[5:22:26.303 PM]: Creating Connection[id: bf8d7c80-14f6-4659-be1e-74ae6f219d6f] with host: CUGFKKD-TT48942.snowflakecomputing.com, account: CUGFKKD-TT48942, accessUrl: https://CUGFKKD-TT48942.snowflakecomputing.com, user: ZAINEEL, role: undefined, database: undefined, schema: undefined, warehouse: COMPUTE_WH, proxy was not configured, password is not provided, region: undefined, authenticator: SNOWFLAKE_JWT, ocsp mode: FAIL_OPEN, os: darwin, os version: 25.0.0"}
{"level":"INFO","message":"[5:22:26.303 PM]: Connection[id: bf8d7c80-14f6-4659-be1e-74ae6f219d6f] additional details: passcode in password is provided, passcode is not provided, private key is provided, application: undefined, client name: snowflake-sdk, client version: 2.3.1, retry timeout: 300, private key path: undefined, private key pass is not provided, client store temporary credential: false, browser response timeout: 120000"}
{"level":"INFO","message":"[5:22:26.306 PM]: Connection[id: bf8d7c80-14f6-4659-be1e-74ae6f219d6f] - connection object created successfully."}
{"level":"INFO","message":"[5:22:26.306 PM]: Connection[id: bf8d7c80-14f6-4659-be1e-74ae6f219d6f] - connecting. Associated Snowflake domain: GLOBAL"}
{"level":"INFO","message":"[5:22:26.311 PM]: Connection[id: bf8d7c80-14f6-4659-be1e-74ae6f219d6f] - authentication successful using: SNOWFLAKE_JWT"}
{"level":"INFO","message":"[5:22:26.312 PM]: Connection[id: bf8d7c80-14f6-4659-be1e-74ae6f219d6f] - connected successfully after 6.04 milliseconds"}
{"level":"INFO","message":"[5:41:18.760 PM]: Creating new connection object"}
{"level":"INFO","message":"[5:41:18.773 PM]: Creating Connection[id: 5ca02a6c-e3a3-4971-8188-d36bd36141fc] with host: CUGFKKD-TT48942.snowflakecomputing.com, account: CUGFKKD-TT48942, accessUrl: https://CUGFKKD-TT48942.snowflakecomputing.com, user: ZAINEEL, role: undefined, database: undefined, schema: undefined, warehouse: COMPUTE_WH, proxy was not configured, password is not provided, region: undefined, authenticator: SNOWFLAKE_JWT, ocsp mode: FAIL_OPEN, os: darwin, os version: 25.0.0"}
{"level":"INFO","message":"[5:41:18.773 PM]: Connection[id: 5ca02a6c-e3a3-4971-8188-d36bd36141fc] additional details: passcode in password is provided, passcode is not provided, private key is provided, application: undefined, client name: snowflake-sdk, client version: 2.3.1, retry timeout: 300, private key path: undefined, private key pass is not provided, client store temporary credential: false, browser response timeout: 120000"}
{"level":"INFO","message":"[5:41:18.774 PM]: Connection[id: 5ca02a6c-e3a3-4971-8188-d36bd36141fc] - connection object created successfully."}
{"level":"INFO","message":"[5:41:18.774 PM]: Connection[id: 5ca02a6c-e3a3-4971-8188-d36bd36141fc] - connecting. Associated Snowflake domain: GLOBAL"}
{"level":"INFO","message":"[5:41:18.782 PM]: Connection[id: 5ca02a6c-e3a3-4971-8188-d36bd36141fc] - authentication successful using: SNOWFLAKE_JWT"}
{"level":"INFO","message":"[5:41:18.782 PM]: Trying to initialize Easy Logging"}
{"level":"INFO","message":"[5:41:18.784 PM]: No client config detected."}
{"level":"INFO","message":"[5:41:18.785 PM]: No config file path found. Client config will not be used."}
{"level":"INFO","message":"[5:41:18.785 PM]: Easy Logging is disabled as no config has been found"}
{"level":"INFO","message":"[5:41:18.788 PM]: Connection[id: 5ca02a6c-e3a3-4971-8188-d36bd36141fc] - connected successfully after 13.78 milliseconds"}
